[INFO] Scanning for projects...
[INFO] 
[INFO] ---------------------< com.rentit:rentit-platform >---------------------
[INFO] Building RentIt Platform 1.0.0
[INFO]   from pom.xml
[INFO] --------------------------------[ jar ]---------------------------------
[INFO] 
[INFO] >>> spring-boot:3.3.6:run (default-cli) > test-compile @ rentit-platform >>>
[INFO] 
[INFO] --- resources:3.3.1:resources (default-resources) @ rentit-platform ---
[INFO] Copying 1 resource from src\main\resources to target\classes
[INFO] Copying 0 resource from src\main\resources to target\classes
[INFO] 
[INFO] --- compiler:3.13.0:compile (default-compile) @ rentit-platform ---
[INFO] Nothing to compile - all classes are up to date.
[INFO] 
[INFO] --- resources:3.3.1:testResources (default-testResources) @ rentit-platform ---
[INFO] skip non existing resourceDirectory C:\Users\sunil\Downloads\gorentls\GORENTALS\src\test\resources
[INFO] 
[INFO] --- compiler:3.13.0:testCompile (default-testCompile) @ rentit-platform ---
[INFO] Nothing to compile - all classes are up to date.
[INFO] 
[INFO] <<< spring-boot:3.3.6:run (default-cli) < test-compile @ rentit-platform <<<
[INFO] 
[INFO] 
[INFO] --- spring-boot:3.3.6:run (default-cli) @ rentit-platform ---
[INFO] Attaching agents: []

  .   ____          _            __ _ _
 /\\ / ___'_ __ _ _(_)_ __  __ _ \ \ \ \
( ( )\___ | '_ | '_| | '_ \/ _` | \ \ \ \
 \\/  ___)| |_)| | | | | || (_| |  ) ) ) )
  '  |____| .__|_| |_|_| |_\__, | / / / /
 =========|_|==============|___/=/_/_/_/

 :: Spring Boot ::                (v3.3.6)

2026-04-05T01:19:29.133+05:30  INFO 26052 --- [rentit-platform] [           main] com.rentit.GoRentals                     : Starting GoRentals using Java 23.0.2 with PID 26052 (C:\Users\sunil\Downloads\gorentls\GORENTALS\target\classes started by sunil in C:\Users\sunil\Downloads\gorentls\GORENTALS)
2026-04-05T01:19:29.134+05:30 DEBUG 26052 --- [rentit-platform] [           main] com.rentit.GoRentals                     : Running with Spring Boot v3.3.6, Spring v6.1.15
2026-04-05T01:19:29.135+05:30  INFO 26052 --- [rentit-platform] [           main] com.rentit.GoRentals                     : No active profile set, falling back to 1 default profile: "default"
2026-04-05T01:19:30.059+05:30  INFO 26052 --- [rentit-platform] [           main] .s.d.r.c.RepositoryConfigurationDelegate : Bootstrapping Spring Data JPA repositories in DEFAULT mode.
2026-04-05T01:19:30.143+05:30  INFO 26052 --- [rentit-platform] [           main] .s.d.r.c.RepositoryConfigurationDelegate : Finished Spring Data repository scanning in 77 ms. Found 8 JPA repository interfaces.
2026-04-05T01:19:31.110+05:30  INFO 26052 --- [rentit-platform] [           main] o.s.b.w.embedded.tomcat.TomcatWebServer  : Tomcat initialized with port 8080 (http)
2026-04-05T01:19:31.128+05:30  INFO 26052 --- [rentit-platform] [           main] o.apache.catalina.core.StandardService   : Starting service [Tomcat]
2026-04-05T01:19:31.128+05:30  INFO 26052 --- [rentit-platform] [           main] o.apache.catalina.core.StandardEngine    : Starting Servlet engine: [Apache Tomcat/10.1.33]
2026-04-05T01:19:31.214+05:30  INFO 26052 --- [rentit-platform] [           main] o.a.c.c.C.[Tomcat].[localhost].[/]       : Initializing Spring embedded WebApplicationContext
2026-04-05T01:19:31.216+05:30  INFO 26052 --- [rentit-platform] [           main] w.s.c.ServletWebServerApplicationContext : Root WebApplicationContext: initialization completed in 1998 ms
2026-04-05T01:19:31.351+05:30  INFO 26052 --- [rentit-platform] [           main] o.hibernate.jpa.internal.util.LogHelper  : HHH000204: Processing PersistenceUnitInfo [name: default]
2026-04-05T01:19:31.454+05:30  INFO 26052 --- [rentit-platform] [           main] org.hibernate.Version                    : HHH000412: Hibernate ORM core version 6.5.3.Final
2026-04-05T01:19:31.513+05:30  INFO 26052 --- [rentit-platform] [           main] o.h.c.internal.RegionFactoryInitiator    : HHH000026: Second-level cache disabled
2026-04-05T01:19:31.898+05:30  INFO 26052 --- [rentit-platform] [           main] o.s.o.j.p.SpringPersistenceUnitInfo      : No LoadTimeWeaver setup: ignoring JPA class transformer
2026-04-05T01:19:31.946+05:30  INFO 26052 --- [rentit-platform] [           main] com.zaxxer.hikari.HikariDataSource       : HikariPool-1 - Starting...
2026-04-05T01:19:32.178+05:30  INFO 26052 --- [rentit-platform] [           main] com.zaxxer.hikari.pool.HikariPool        : HikariPool-1 - Added connection org.postgresql.jdbc.PgConnection@64ec1459
2026-04-05T01:19:32.180+05:30  INFO 26052 --- [rentit-platform] [           main] com.zaxxer.hikari.HikariDataSource       : HikariPool-1 - Start completed.
2026-04-05T01:19:32.219+05:30  WARN 26052 --- [rentit-platform] [           main] org.hibernate.orm.deprecation            : HHH90000025: PostgreSQLDialect does not need to be specified explicitly using 'hibernate.dialect' (remove the property setting and it will be selected by default)
2026-04-05T01:19:33.519+05:30  INFO 26052 --- [rentit-platform] [           main] o.h.e.t.j.p.i.JtaPlatformInitiator       : HHH000489: No JTA platform available (set 'hibernate.transaction.jta.platform' to enable JTA platform integration)
2026-04-05T01:19:33.586+05:30 DEBUG 26052 --- [rentit-platform] [           main] org.hibernate.SQL                        : 
    alter table if exists listings 
       alter column description set data type TEXT
Hibernate: 
    alter table if exists listings 
       alter column description set data type TEXT
2026-04-05T01:19:33.589+05:30 DEBUG 26052 --- [rentit-platform] [           main] org.hibernate.SQL                        : 
    alter table if exists notifications 
       alter column message set data type TEXT
Hibernate: 
    alter table if exists notifications 
       alter column message set data type TEXT
2026-04-05T01:19:33.590+05:30 DEBUG 26052 --- [rentit-platform] [           main] org.hibernate.SQL                        : 
    alter table if exists user_profiles 
       alter column address set data type TEXT
Hibernate: 
    alter table if exists user_profiles 
       alter column address set data type TEXT
2026-04-05T01:19:33.688+05:30  INFO 26052 --- [rentit-platform] [           main] j.LocalContainerEntityManagerFactoryBean : Initialized JPA EntityManagerFactory for persistence unit 'default'
2026-04-05T01:19:33.963+05:30  INFO 26052 --- [rentit-platform] [           main] o.s.d.j.r.query.QueryEnhancerFactory     : Hibernate is in classpath; If applicable, HQL parser will be used.
2026-04-05T01:19:34.597+05:30 DEBUG 26052 --- [rentit-platform] [           main] c.r.security.JwtAuthenticationFilter     : Filter 'jwtAuthenticationFilter' configured for use
2026-04-05T01:19:35.385+05:30  INFO 26052 --- [rentit-platform] [           main] r$InitializeUserDetailsManagerConfigurer : Global AuthenticationManager configured with UserDetailsService bean with name userDetailsServiceImpl
2026-04-05T01:19:35.717+05:30  WARN 26052 --- [rentit-platform] [           main] JpaBaseConfiguration$JpaWebConfiguration : spring.jpa.open-in-view is enabled by default. Therefore, database queries may be performed during view rendering. Explicitly configure spring.jpa.open-in-view to disable this warning
2026-04-05T01:19:36.639+05:30  INFO 26052 --- [rentit-platform] [           main] o.s.b.w.embedded.tomcat.TomcatWebServer  : Tomcat started on port 8080 (http) with context path '/'
2026-04-05T01:19:36.654+05:30  INFO 26052 --- [rentit-platform] [           main] com.rentit.GoRentals                     : Started GoRentals in 8.188 seconds (process running for 8.668)
2026-04-05T01:19:58.814+05:30  INFO 26052 --- [rentit-platform] [nio-8080-exec-1] o.a.c.c.C.[Tomcat].[localhost].[/]       : Initializing Spring DispatcherServlet 'dispatcherServlet'
2026-04-05T01:19:58.814+05:30  INFO 26052 --- [rentit-platform] [nio-8080-exec-1] o.s.web.servlet.DispatcherServlet        : Initializing Servlet 'dispatcherServlet'
2026-04-05T01:19:58.816+05:30  INFO 26052 --- [rentit-platform] [nio-8080-exec-1] o.s.web.servlet.DispatcherServlet        : Completed initialization in 1 ms
2026-04-05T01:19:59.366+05:30 DEBUG 26052 --- [rentit-platform] [nio-8080-exec-1] org.hibernate.SQL                        : 
    select
        u1_0.id,
        u1_0.created_at,
        u1_0.email,
        u1_0.full_name,
        u1_0.is_active,
        u1_0.password_hash,
        u1_0.phone,
        u1_0.updated_at,
        u1_0.user_type 
    from
        users u1_0 
    where
        u1_0.email=?
Hibernate: 
    select
        u1_0.id,
        u1_0.created_at,
        u1_0.email,
        u1_0.full_name,
        u1_0.is_active,
        u1_0.password_hash,
        u1_0.phone,
        u1_0.updated_at,
        u1_0.user_type 
    from
        users u1_0 
    where
        u1_0.email=?
2026-04-05T01:19:59.381+05:30 DEBUG 26052 --- [rentit-platform] [nio-8080-exec-1] org.hibernate.SQL                        : 
    select
        au1_0.id,
        au1_0.created_at,
        au1_0.permissions,
        au1_0.role,
        au1_0.updated_at,
        au1_0.user_id,
        u1_0.id,
        u1_0.created_at,
        u1_0.email,
        u1_0.full_name,
        u1_0.is_active,
        u1_0.password_hash,
        u1_0.phone,
        u1_0.updated_at,
        u1_0.user_type 
    from
        admin_users au1_0 
    join
        users u1_0 
            on u1_0.id=au1_0.user_id 
    where
        au1_0.user_id=?
Hibernate: 
    select
        au1_0.id,
        au1_0.created_at,
        au1_0.permissions,
        au1_0.role,
        au1_0.updated_at,
        au1_0.user_id,
        u1_0.id,
        u1_0.created_at,
        u1_0.email,
        u1_0.full_name,
        u1_0.is_active,
        u1_0.password_hash,
        u1_0.phone,
        u1_0.updated_at,
        u1_0.user_type 
    from
        admin_users au1_0 
    join
        users u1_0 
            on u1_0.id=au1_0.user_id 
    where
        au1_0.user_id=?
2026-04-05T01:19:59.384+05:30 DEBUG 26052 --- [rentit-platform] [nio-8080-exec-1] org.hibernate.SQL                        : 
    select
        bo1_0.id,
        bo1_0.business_address,
        bo1_0.business_city,
        bo1_0.business_email,
        bo1_0.business_name,
        bo1_0.business_phone,
        bo1_0.business_pincode,
        bo1_0.business_state,
        bo1_0.business_type,
        bo1_0.commission_rate,
        bo1_0.created_at,
        bo1_0.gst_number,
        bo1_0.is_verified,
        bo1_0.pan_number,
        bo1_0.registration_number,
        bo1_0.updated_at,
        bo1_0.user_id,
        u1_0.id,
        u1_0.created_at,
        u1_0.email,
        u1_0.full_name,
        u1_0.is_active,
        u1_0.password_hash,
        u1_0.phone,
        u1_0.updated_at,
        u1_0.user_type 
    from
        business_owners bo1_0 
    join
        users u1_0 
            on u1_0.id=bo1_0.user_id 
    where
        bo1_0.user_id=?
Hibernate: 
    select
        bo1_0.id,
        bo1_0.business_address,
        bo1_0.business_city,
        bo1_0.business_email,
        bo1_0.business_name,
        bo1_0.business_phone,
        bo1_0.business_pincode,
        bo1_0.business_state,
        bo1_0.business_type,
        bo1_0.commission_rate,
        bo1_0.created_at,
        bo1_0.gst_number,
        bo1_0.is_verified,
        bo1_0.pan_number,
        bo1_0.registration_number,
        bo1_0.updated_at,
        bo1_0.user_id,
        u1_0.id,
        u1_0.created_at,
        u1_0.email,
        u1_0.full_name,
        u1_0.is_active,
        u1_0.password_hash,
        u1_0.phone,
        u1_0.updated_at,
        u1_0.user_type 
    from
        business_owners bo1_0 
    join
        users u1_0 
            on u1_0.id=bo1_0.user_id 
    where
        bo1_0.user_id=?
2026-04-05T01:19:59.389+05:30 DEBUG 26052 --- [rentit-platform] [nio-8080-exec-1] org.hibernate.SQL                        : 
    select
        up1_0.id,
        up1_0.address,
        up1_0.city,
        up1_0.created_at,
        up1_0.date_of_birth,
        up1_0.kyc_document_url,
        up1_0.kyc_status,
        up1_0.pincode,
        up1_0.profile_picture,
        up1_0.state,
        up1_0.updated_at,
        up1_0.user_id,
        u1_0.id,
        u1_0.created_at,
        u1_0.email,
        u1_0.full_name,
        u1_0.is_active,
        u1_0.password_hash,
        u1_0.phone,
        u1_0.updated_at,
        u1_0.user_type 
    from
        user_profiles up1_0 
    join
        users u1_0 
            on u1_0.id=up1_0.user_id 
    where
        up1_0.user_id=?
Hibernate: 
    select
        up1_0.id,
        up1_0.address,
        up1_0.city,
        up1_0.created_at,
        up1_0.date_of_birth,
        up1_0.kyc_document_url,
        up1_0.kyc_status,
        up1_0.pincode,
        up1_0.profile_picture,
        up1_0.state,
        up1_0.updated_at,
        up1_0.user_id,
        u1_0.id,
        u1_0.created_at,
        u1_0.email,
        u1_0.full_name,
        u1_0.is_active,
        u1_0.password_hash,
        u1_0.phone,
        u1_0.updated_at,
        u1_0.user_type 
    from
        user_profiles up1_0 
    join
        users u1_0 
            on u1_0.id=up1_0.user_id 
    where
        up1_0.user_id=?
2026-04-05T01:19:59.392+05:30 DEBUG 26052 --- [rentit-platform] [nio-8080-exec-1] org.hibernate.SQL                        : 
    select
        au1_0.id,
        au1_0.created_at,
        au1_0.permissions,
        au1_0.role,
        au1_0.updated_at,
        au1_0.user_id,
        u1_0.id,
        u1_0.created_at,
        u1_0.email,
        u1_0.full_name,
        u1_0.is_active,
        u1_0.password_hash,
        u1_0.phone,
        u1_0.updated_at,
        u1_0.user_type 
    from
        admin_users au1_0 
    join
        users u1_0 
            on u1_0.id=au1_0.user_id 
    where
        au1_0.user_id=?
Hibernate: 
    select
        au1_0.id,
        au1_0.created_at,
        au1_0.permissions,
        au1_0.role,
        au1_0.updated_at,
        au1_0.user_id,
        u1_0.id,
        u1_0.created_at,
        u1_0.email,
        u1_0.full_name,
        u1_0.is_active,
        u1_0.password_hash,
        u1_0.phone,
        u1_0.updated_at,
        u1_0.user_type 
    from
        admin_users au1_0 
    join
        users u1_0 
            on u1_0.id=au1_0.user_id 
    where
        au1_0.user_id=?
2026-04-05T01:19:59.393+05:30 DEBUG 26052 --- [rentit-platform] [nio-8080-exec-1] org.hibernate.SQL                        : 
    select
        bo1_0.id,
        bo1_0.business_address,
        bo1_0.business_city,
        bo1_0.business_email,
        bo1_0.business_name,
        bo1_0.business_phone,
        bo1_0.business_pincode,
        bo1_0.business_state,
        bo1_0.business_type,
        bo1_0.commission_rate,
        bo1_0.created_at,
        bo1_0.gst_number,
        bo1_0.is_verified,
        bo1_0.pan_number,
        bo1_0.registration_number,
        bo1_0.updated_at,
        bo1_0.user_id,
        u1_0.id,
        u1_0.created_at,
        u1_0.email,
        u1_0.full_name,
        u1_0.is_active,
        u1_0.password_hash,
        u1_0.phone,
        u1_0.updated_at,
        u1_0.user_type 
    from
        business_owners bo1_0 
    join
        users u1_0 
            on u1_0.id=bo1_0.user_id 
    where
        bo1_0.user_id=?
Hibernate: 
    select
        bo1_0.id,
        bo1_0.business_address,
        bo1_0.business_city,
        bo1_0.business_email,
        bo1_0.business_name,
        bo1_0.business_phone,
        bo1_0.business_pincode,
        bo1_0.business_state,
        bo1_0.business_type,
        bo1_0.commission_rate,
        bo1_0.created_at,
        bo1_0.gst_number,
        bo1_0.is_verified,
        bo1_0.pan_number,
        bo1_0.registration_number,
        bo1_0.updated_at,
        bo1_0.user_id,
        u1_0.id,
        u1_0.created_at,
        u1_0.email,
        u1_0.full_name,
        u1_0.is_active,
        u1_0.password_hash,
        u1_0.phone,
        u1_0.updated_at,
        u1_0.user_type 
    from
        business_owners bo1_0 
    join
        users u1_0 
            on u1_0.id=bo1_0.user_id 
    where
        bo1_0.user_id=?
2026-04-05T01:19:59.508+05:30 DEBUG 26052 --- [rentit-platform] [nio-8080-exec-1] org.hibernate.SQL                        : 
    select
        u1_0.id,
        u1_0.created_at,
        u1_0.email,
        u1_0.full_name,
        u1_0.is_active,
        u1_0.password_hash,
        u1_0.phone,
        u1_0.updated_at,
        u1_0.user_type 
    from
        users u1_0 
    where
        u1_0.email=?
Hibernate: 
    select
        u1_0.id,
        u1_0.created_at,
        u1_0.email,
        u1_0.full_name,
        u1_0.is_active,
        u1_0.password_hash,
        u1_0.phone,
        u1_0.updated_at,
        u1_0.user_type 
    from
        users u1_0 
    where
        u1_0.email=?
2026-04-05T01:19:59.756+05:30 DEBUG 26052 --- [rentit-platform] [nio-8080-exec-2] org.hibernate.SQL                        : 
    select
        u1_0.id,
        u1_0.created_at,
        u1_0.email,
        u1_0.full_name,
        u1_0.is_active,
        u1_0.password_hash,
        u1_0.phone,
        u1_0.updated_at,
        u1_0.user_type 
    from
        users u1_0 
    where
        u1_0.email=?
Hibernate: 
    select
        u1_0.id,
        u1_0.created_at,
        u1_0.email,
        u1_0.full_name,
        u1_0.is_active,
        u1_0.password_hash,
        u1_0.phone,
        u1_0.updated_at,
        u1_0.user_type 
    from
        users u1_0 
    where
        u1_0.email=?
2026-04-05T01:19:59.759+05:30 DEBUG 26052 --- [rentit-platform] [nio-8080-exec-2] org.hibernate.SQL                        : 
    select
        au1_0.id,
        au1_0.created_at,
        au1_0.permissions,
        au1_0.role,
        au1_0.updated_at,
        au1_0.user_id,
        u1_0.id,
        u1_0.created_at,
        u1_0.email,
        u1_0.full_name,
        u1_0.is_active,
        u1_0.password_hash,
        u1_0.phone,
        u1_0.updated_at,
        u1_0.user_type 
    from
        admin_users au1_0 
    join
        users u1_0 
            on u1_0.id=au1_0.user_id 
    where
        au1_0.user_id=?
Hibernate: 
    select
        au1_0.id,
        au1_0.created_at,
        au1_0.permissions,
        au1_0.role,
        au1_0.updated_at,
        au1_0.user_id,
        u1_0.id,
        u1_0.created_at,
        u1_0.email,
        u1_0.full_name,
        u1_0.is_active,
        u1_0.password_hash,
        u1_0.phone,
        u1_0.updated_at,
        u1_0.user_type 
    from
        admin_users au1_0 
    join
        users u1_0 
            on u1_0.id=au1_0.user_id 
    where
        au1_0.user_id=?
2026-04-05T01:19:59.760+05:30 DEBUG 26052 --- [rentit-platform] [nio-8080-exec-2] org.hibernate.SQL                        : 
    select
        bo1_0.id,
        bo1_0.business_address,
        bo1_0.business_city,
        bo1_0.business_email,
        bo1_0.business_name,
        bo1_0.business_phone,
        bo1_0.business_pincode,
        bo1_0.business_state,
        bo1_0.business_type,
        bo1_0.commission_rate,
        bo1_0.created_at,
        bo1_0.gst_number,
        bo1_0.is_verified,
        bo1_0.pan_number,
        bo1_0.registration_number,
        bo1_0.updated_at,
        bo1_0.user_id,
        u1_0.id,
        u1_0.created_at,
        u1_0.email,
        u1_0.full_name,
        u1_0.is_active,
        u1_0.password_hash,
        u1_0.phone,
        u1_0.updated_at,
        u1_0.user_type 
    from
        business_owners bo1_0 
    join
        users u1_0 
            on u1_0.id=bo1_0.user_id 
    where
        bo1_0.user_id=?
Hibernate: 
    select
        bo1_0.id,
        bo1_0.business_address,
        bo1_0.business_city,
        bo1_0.business_email,
        bo1_0.business_name,
        bo1_0.business_phone,
        bo1_0.business_pincode,
        bo1_0.business_state,
        bo1_0.business_type,
        bo1_0.commission_rate,
        bo1_0.created_at,
        bo1_0.gst_number,
        bo1_0.is_verified,
        bo1_0.pan_number,
        bo1_0.registration_number,
        bo1_0.updated_at,
        bo1_0.user_id,
        u1_0.id,
        u1_0.created_at,
        u1_0.email,
        u1_0.full_name,
        u1_0.is_active,
        u1_0.password_hash,
        u1_0.phone,
        u1_0.updated_at,
        u1_0.user_type 
    from
        business_owners bo1_0 
    join
        users u1_0 
            on u1_0.id=bo1_0.user_id 
    where
        bo1_0.user_id=?
2026-04-05T01:19:59.761+05:30 DEBUG 26052 --- [rentit-platform] [nio-8080-exec-2] org.hibernate.SQL                        : 
    select
        up1_0.id,
        up1_0.address,
        up1_0.city,
        up1_0.created_at,
        up1_0.date_of_birth,
        up1_0.kyc_document_url,
        up1_0.kyc_status,
        up1_0.pincode,
        up1_0.profile_picture,
        up1_0.state,
        up1_0.updated_at,
        up1_0.user_id,
        u1_0.id,
        u1_0.created_at,
        u1_0.email,
        u1_0.full_name,
        u1_0.is_active,
        u1_0.password_hash,
        u1_0.phone,
        u1_0.updated_at,
        u1_0.user_type 
    from
        user_profiles up1_0 
    join
        users u1_0 
            on u1_0.id=up1_0.user_id 
    where
        up1_0.user_id=?
Hibernate: 
    select
        up1_0.id,
        up1_0.address,
        up1_0.city,
        up1_0.created_at,
        up1_0.date_of_birth,
        up1_0.kyc_document_url,
        up1_0.kyc_status,
        up1_0.pincode,
        up1_0.profile_picture,
        up1_0.state,
        up1_0.updated_at,
        up1_0.user_id,
        u1_0.id,
        u1_0.created_at,
        u1_0.email,
        u1_0.full_name,
        u1_0.is_active,
        u1_0.password_hash,
        u1_0.phone,
        u1_0.updated_at,
        u1_0.user_type 
    from
        user_profiles up1_0 
    join
        users u1_0 
            on u1_0.id=up1_0.user_id 
    where
        up1_0.user_id=?
2026-04-05T01:19:59.763+05:30 DEBUG 26052 --- [rentit-platform] [nio-8080-exec-2] org.hibernate.SQL                        : 
    select
        au1_0.id,
        au1_0.created_at,
        au1_0.permissions,
        au1_0.role,
        au1_0.updated_at,
        au1_0.user_id,
        u1_0.id,
        u1_0.created_at,
        u1_0.email,
        u1_0.full_name,
        u1_0.is_active,
        u1_0.password_hash,
        u1_0.phone,
        u1_0.updated_at,
        u1_0.user_type 
    from
        admin_users au1_0 
    join
        users u1_0 
            on u1_0.id=au1_0.user_id 
    where
        au1_0.user_id=?
Hibernate: 
    select
        au1_0.id,
        au1_0.created_at,
        au1_0.permissions,
        au1_0.role,
        au1_0.updated_at,
        au1_0.user_id,
        u1_0.id,
        u1_0.created_at,
        u1_0.email,
        u1_0.full_name,
        u1_0.is_active,
        u1_0.password_hash,
        u1_0.phone,
        u1_0.updated_at,
        u1_0.user_type 
    from
        admin_users au1_0 
    join
        users u1_0 
            on u1_0.id=au1_0.user_id 
    where
        au1_0.user_id=?
2026-04-05T01:19:59.763+05:30 DEBUG 26052 --- [rentit-platform] [nio-8080-exec-2] org.hibernate.SQL                        : 
    select
        bo1_0.id,
        bo1_0.business_address,
        bo1_0.business_city,
        bo1_0.business_email,
        bo1_0.business_name,
        bo1_0.business_phone,
        bo1_0.business_pincode,
        bo1_0.business_state,
        bo1_0.business_type,
        bo1_0.commission_rate,
        bo1_0.created_at,
        bo1_0.gst_number,
        bo1_0.is_verified,
        bo1_0.pan_number,
        bo1_0.registration_number,
        bo1_0.updated_at,
        bo1_0.user_id,
        u1_0.id,
        u1_0.created_at,
        u1_0.email,
        u1_0.full_name,
        u1_0.is_active,
        u1_0.password_hash,
        u1_0.phone,
        u1_0.updated_at,
        u1_0.user_type 
    from
        business_owners bo1_0 
    join
        users u1_0 
            on u1_0.id=bo1_0.user_id 
    where
        bo1_0.user_id=?
Hibernate: 
    select
        bo1_0.id,
        bo1_0.business_address,
        bo1_0.business_city,
        bo1_0.business_email,
        bo1_0.business_name,
        bo1_0.business_phone,
        bo1_0.business_pincode,
        bo1_0.business_state,
        bo1_0.business_type,
        bo1_0.commission_rate,
        bo1_0.created_at,
        bo1_0.gst_number,
        bo1_0.is_verified,
        bo1_0.pan_number,
        bo1_0.registration_number,
        bo1_0.updated_at,
        bo1_0.user_id,
        u1_0.id,
        u1_0.created_at,
        u1_0.email,
        u1_0.full_name,
        u1_0.is_active,
        u1_0.password_hash,
        u1_0.phone,
        u1_0.updated_at,
        u1_0.user_type 
    from
        business_owners bo1_0 
    join
        users u1_0 
            on u1_0.id=bo1_0.user_id 
    where
        bo1_0.user_id=?
2026-04-05T01:19:59.792+05:30 DEBUG 26052 --- [rentit-platform] [nio-8080-exec-2] org.hibernate.SQL                        : 
    select
        l1_0.id,
        l1_0.category,
        l1_0.city,
        l1_0.created_at,
        l1_0.description,
        l1_0.images,
        l1_0.is_available,
        l1_0.is_published,
        l1_0.latitude,
        l1_0.location,
        l1_0.longitude,
        l1_0.owner_id,
        l1_0.price_per_day,
        l1_0.rating_count,
        l1_0.security_deposit,
        l1_0.specifications,
        l1_0.state,
        l1_0.title,
        l1_0.total_ratings,
        l1_0.type,
        l1_0.updated_at 
    from
        listings l1_0 
    where
        l1_0.is_published=true 
        and l1_0.is_available=true 
        and (
            ? is null 
            or lower(l1_0.city) like lower(('%'||?||'%')) escape ''
        ) 
        and (
            ? is null 
            or lower(l1_0.category)=lower(?)
        ) 
        and (
            ? is null 
            or lower(l1_0.type)=lower(?)
        ) 
        and (
            ? is null 
            or l1_0.price_per_day>=?
        ) 
        and (
            ? is null 
            or l1_0.price_per_day<=?
        ) 
    order by
        l1_0.created_at desc 
    fetch
        first ? rows only
Hibernate: 
    select
        l1_0.id,
        l1_0.category,
        l1_0.city,
        l1_0.created_at,
        l1_0.description,
        l1_0.images,
        l1_0.is_available,
        l1_0.is_published,
        l1_0.latitude,
        l1_0.location,
        l1_0.longitude,
        l1_0.owner_id,
        l1_0.price_per_day,
        l1_0.rating_count,
        l1_0.security_deposit,
        l1_0.specifications,
        l1_0.state,
        l1_0.title,
        l1_0.total_ratings,
        l1_0.type,
        l1_0.updated_at 
    from
        listings l1_0 
    where
        l1_0.is_published=true 
        and l1_0.is_available=true 
        and (
            ? is null 
            or lower(l1_0.city) like lower(('%'||?||'%')) escape ''
        ) 
        and (
            ? is null 
            or lower(l1_0.category)=lower(?)
        ) 
        and (
            ? is null 
            or lower(l1_0.type)=lower(?)
        ) 
        and (
            ? is null 
            or l1_0.price_per_day>=?
        ) 
        and (
            ? is null 
            or l1_0.price_per_day<=?
        ) 
    order by
        l1_0.created_at desc 
    fetch
        first ? rows only
2026-04-05T01:19:59.798+05:30  WARN 26052 --- [rentit-platform] [nio-8080-exec-2] o.h.engine.jdbc.spi.SqlExceptionHelper   : SQL Error: 0, SQLState: 42883
2026-04-05T01:19:59.798+05:30 ERROR 26052 --- [rentit-platform] [nio-8080-exec-2] o.h.engine.jdbc.spi.SqlExceptionHelper   : ERROR: function lower(bytea) does not exist
  Hint: No function matches the given name and argument types. You might need to add explicit type casts.
  Position: 440
2026-04-05T01:19:59.811+05:30 ERROR 26052 --- [rentit-platform] [nio-8080-exec-2] o.a.c.c.C.[.[.[/].[dispatcherServlet]    : Servlet.service() for servlet [dispatcherServlet] in context with path [] threw exception [Request processing failed: org.springframework.dao.InvalidDataAccessResourceUsageException: JDBC exception executing SQL [select l1_0.id,l1_0.category,l1_0.city,l1_0.created_at,l1_0.description,l1_0.images,l1_0.is_available,l1_0.is_published,l1_0.latitude,l1_0.location,l1_0.longitude,l1_0.owner_id,l1_0.price_per_day,l1_0.rating_count,l1_0.security_deposit,l1_0.specifications,l1_0.state,l1_0.title,l1_0.total_ratings,l1_0.type,l1_0.updated_at from listings l1_0 where l1_0.is_published=true and l1_0.is_available=true and (? is null or lower(l1_0.city) like lower(('%'||?||'%')) escape '') and (? is null or lower(l1_0.category)=lower(?)) and (? is null or lower(l1_0.type)=lower(?)) and (? is null or l1_0.price_per_day>=?) and (? is null or l1_0.price_per_day<=?) order by l1_0.created_at desc fetch first ? rows only] [ERROR: function lower(bytea) does not exist
  Hint: No function matches the given name and argument types. You might need to add explicit type casts.
  Position: 440] [n/a]; SQL [n/a]] with root cause

org.postgresql.util.PSQLException: ERROR: function lower(bytea) does not exist
  Hint: No function matches the given name and argument types. You might need to add explicit type casts.
  Position: 440
	at org.postgresql.core.v3.QueryExecutorImpl.receiveErrorResponse(QueryExecutorImpl.java:2733) ~[postgresql-42.7.4.jar:42.7.4]
	at org.postgresql.core.v3.QueryExecutorImpl.processResults(QueryExecutorImpl.java:2420) ~[postgresql-42.7.4.jar:42.7.4]
	at org.postgresql.core.v3.QueryExecutorImpl.execute(QueryExecutorImpl.java:372) ~[postgresql-42.7.4.jar:42.7.4]
	at org.postgresql.jdbc.PgStatement.executeInternal(PgStatement.java:517) ~[postgresql-42.7.4.jar:42.7.4]
	at org.postgresql.jdbc.PgStatement.execute(PgStatement.java:434) ~[postgresql-42.7.4.jar:42.7.4]
	at org.postgresql.jdbc.PgPreparedStatement.executeWithFlags(PgPreparedStatement.java:194) ~[postgresql-42.7.4.jar:42.7.4]
	at org.postgresql.jdbc.PgPreparedStatement.executeQuery(PgPreparedStatement.java:137) ~[postgresql-42.7.4.jar:42.7.4]
	at com.zaxxer.hikari.pool.ProxyPreparedStatement.executeQuery(ProxyPreparedStatement.java:52) ~[HikariCP-5.1.0.jar:na]
	at com.zaxxer.hikari.pool.HikariProxyPreparedStatement.executeQuery(HikariProxyPreparedStatement.java) ~[HikariCP-5.1.0.jar:na]
	at org.hibernate.sql.results.jdbc.internal.DeferredResultSetAccess.executeQuery(DeferredResultSetAccess.java:246) ~[hibernate-core-6.5.3.Final.jar:6.5.3.Final]
	at org.hibernate.sql.results.jdbc.internal.DeferredResultSetAccess.getResultSet(DeferredResultSetAccess.java:167) ~[hibernate-core-6.5.3.Final.jar:6.5.3.Final]
	at org.hibernate.sql.results.jdbc.internal.JdbcValuesResultSetImpl.advanceNext(JdbcValuesResultSetImpl.java:265) ~[hibernate-core-6.5.3.Final.jar:6.5.3.Final]
	at org.hibernate.sql.results.jdbc.internal.JdbcValuesResultSetImpl.processNext(JdbcValuesResultSetImpl.java:145) ~[hibernate-core-6.5.3.Final.jar:6.5.3.Final]
	at org.hibernate.sql.results.jdbc.internal.AbstractJdbcValues.next(AbstractJdbcValues.java:19) ~[hibernate-core-6.5.3.Final.jar:6.5.3.Final]
	at org.hibernate.sql.results.internal.RowProcessingStateStandardImpl.next(RowProcessingStateStandardImpl.java:67) ~[hibernate-core-6.5.3.Final.jar:6.5.3.Final]
	at org.hibernate.sql.results.spi.ListResultsConsumer.consume(ListResultsConsumer.java:204) ~[hibernate-core-6.5.3.Final.jar:6.5.3.Final]
	at org.hibernate.sql.results.spi.ListResultsConsumer.consume(ListResultsConsumer.java:33) ~[hibernate-core-6.5.3.Final.jar:6.5.3.Final]
	at org.hibernate.sql.exec.internal.JdbcSelectExecutorStandardImpl.doExecuteQuery(JdbcSelectExecutorStandardImpl.java:211) ~[hibernate-core-6.5.3.Final.jar:6.5.3.Final]
	at org.hibernate.sql.exec.internal.JdbcSelectExecutorStandardImpl.executeQuery(JdbcSelectExecutorStandardImpl.java:83) ~[hibernate-core-6.5.3.Final.jar:6.5.3.Final]
	at org.hibernate.sql.exec.spi.JdbcSelectExecutor.list(JdbcSelectExecutor.java:76) ~[hibernate-core-6.5.3.Final.jar:6.5.3.Final]
	at org.hibernate.sql.exec.spi.JdbcSelectExecutor.list(JdbcSelectExecutor.java:65) ~[hibernate-core-6.5.3.Final.jar:6.5.3.Final]
	at org.hibernate.query.sqm.internal.ConcreteSqmSelectQueryPlan.lambda$new$2(ConcreteSqmSelectQueryPlan.java:139) ~[hibernate-core-6.5.3.Final.jar:6.5.3.Final]
	at org.hibernate.query.sqm.internal.ConcreteSqmSelectQueryPlan.withCacheableSqmInterpretation(ConcreteSqmSelectQueryPlan.java:382) ~[hibernate-core-6.5.3.Final.jar:6.5.3.Final]
	at org.hibernate.query.sqm.internal.ConcreteSqmSelectQueryPlan.performList(ConcreteSqmSelectQueryPlan.java:302) ~[hibernate-core-6.5.3.Final.jar:6.5.3.Final]
	at org.hibernate.query.sqm.internal.QuerySqmImpl.doList(QuerySqmImpl.java:526) ~[hibernate-core-6.5.3.Final.jar:6.5.3.Final]
	at org.hibernate.query.spi.AbstractSelectionQuery.list(AbstractSelectionQuery.java:423) ~[hibernate-core-6.5.3.Final.jar:6.5.3.Final]
	at org.hibernate.query.Query.getResultList(Query.java:120) ~[hibernate-core-6.5.3.Final.jar:6.5.3.Final]
	at org.springframework.data.jpa.repository.query.JpaQueryExecution$PagedExecution.doExecute(JpaQueryExecution.java:205) ~[spring-data-jpa-3.3.6.jar:3.3.6]
	at org.springframework.data.jpa.repository.query.JpaQueryExecution.execute(JpaQueryExecution.java:93) ~[spring-data-jpa-3.3.6.jar:3.3.6]
	at org.springframework.data.jpa.repository.query.AbstractJpaQuery.doExecute(AbstractJpaQuery.java:152) ~[spring-data-jpa-3.3.6.jar:3.3.6]
	at org.springframework.data.jpa.repository.query.AbstractJpaQuery.execute(AbstractJpaQuery.java:140) ~[spring-data-jpa-3.3.6.jar:3.3.6]
	at org.springframework.data.repository.core.support.RepositoryMethodInvoker.doInvoke(RepositoryMethodInvoker.java:170) ~[spring-data-commons-3.3.6.jar:3.3.6]
	at org.springframework.data.repository.core.support.RepositoryMethodInvoker.invoke(RepositoryMethodInvoker.java:158) ~[spring-data-commons-3.3.6.jar:3.3.6]
	at org.springframework.data.repository.core.support.QueryExecutorMethodInterceptor.doInvoke(QueryExecutorMethodInterceptor.java:169) ~[spring-data-commons-3.3.6.jar:3.3.6]
	at org.springframework.data.repository.core.support.QueryExecutorMethodInterceptor.invoke(QueryExecutorMethodInterceptor.java:148) ~[spring-data-commons-3.3.6.jar:3.3.6]
	at org.springframework.aop.framework.ReflectiveMethodInvocation.proceed(ReflectiveMethodInvocation.java:184) ~[spring-aop-6.1.15.jar:6.1.15]
	at org.springframework.data.projection.DefaultMethodInvokingMethodInterceptor.invoke(DefaultMethodInvokingMethodInterceptor.java:70) ~[spring-data-commons-3.3.6.jar:3.3.6]
	at org.springframework.aop.framework.ReflectiveMethodInvocation.proceed(ReflectiveMethodInvocation.java:184) ~[spring-aop-6.1.15.jar:6.1.15]
	at org.springframework.transaction.interceptor.TransactionAspectSupport.invokeWithinTransaction(TransactionAspectSupport.java:379) ~[spring-tx-6.1.15.jar:6.1.15]
	at org.springframework.transaction.interceptor.TransactionInterceptor.invoke(TransactionInterceptor.java:119) ~[spring-tx-6.1.15.jar:6.1.15]
	at org.springframework.aop.framework.ReflectiveMethodInvocation.proceed(ReflectiveMethodInvocation.java:184) ~[spring-aop-6.1.15.jar:6.1.15]
	at org.springframework.dao.support.PersistenceExceptionTranslationInterceptor.invoke(PersistenceExceptionTranslationInterceptor.java:138) ~[spring-tx-6.1.15.jar:6.1.15]
	at org.springframework.aop.framework.ReflectiveMethodInvocation.proceed(ReflectiveMethodInvocation.java:184) ~[spring-aop-6.1.15.jar:6.1.15]
	at org.springframework.data.jpa.repository.support.CrudMethodMetadataPostProcessor$CrudMethodMetadataPopulatingMethodInterceptor.invoke(CrudMethodMetadataPostProcessor.java:136) ~[spring-data-jpa-3.3.6.jar:3.3.6]
	at org.springframework.aop.framework.ReflectiveMethodInvocation.proceed(ReflectiveMethodInvocation.java:184) ~[spring-aop-6.1.15.jar:6.1.15]
	at org.springframework.aop.interceptor.ExposeInvocationInterceptor.invoke(ExposeInvocationInterceptor.java:97) ~[spring-aop-6.1.15.jar:6.1.15]
	at org.springframework.aop.framework.ReflectiveMethodInvocation.proceed(ReflectiveMethodInvocation.java:184) ~[spring-aop-6.1.15.jar:6.1.15]
	at org.springframework.aop.framework.JdkDynamicAopProxy.invoke(JdkDynamicAopProxy.java:223) ~[spring-aop-6.1.15.jar:6.1.15]
	at jdk.proxy2/jdk.proxy2.$Proxy145.searchListings(Unknown Source) ~[na:na]
	at com.rentit.service.ListingService.searchListings(ListingService.java:38) ~[classes/:na]
	at java.base/jdk.internal.reflect.DirectMethodHandleAccessor.invoke(DirectMethodHandleAccessor.java:103) ~[na:na]
	at java.base/java.lang.reflect.Method.invoke(Method.java:580) ~[na:na]
	at org.springframework.aop.support.AopUtils.invokeJoinpointUsingReflection(AopUtils.java:355) ~[spring-aop-6.1.15.jar:6.1.15]
	at org.springframework.aop.framework.CglibAopProxy$DynamicAdvisedInterceptor.intercept(CglibAopProxy.java:716) ~[spring-aop-6.1.15.jar:6.1.15]
	at com.rentit.service.ListingService$$SpringCGLIB$$0.searchListings(<generated>) ~[classes/:na]
	at com.rentit.controller.ListingController.searchListings(ListingController.java:36) ~[classes/:na]
	at java.base/jdk.internal.reflect.DirectMethodHandleAccessor.invoke(DirectMethodHandleAccessor.java:103) ~[na:na]
	at java.base/java.lang.reflect.Method.invoke(Method.java:580) ~[na:na]
	at org.springframework.web.method.support.InvocableHandlerMethod.doInvoke(InvocableHandlerMethod.java:255) ~[spring-web-6.1.15.jar:6.1.15]
	at org.springframework.web.method.support.InvocableHandlerMethod.invokeForRequest(InvocableHandlerMethod.java:188) ~[spring-web-6.1.15.jar:6.1.15]
	at org.springframework.web.servlet.mvc.method.annotation.ServletInvocableHandlerMethod.invokeAndHandle(ServletInvocableHandlerMethod.java:118) ~[spring-webmvc-6.1.15.jar:6.1.15]
	at org.springframework.web.servlet.mvc.method.annotation.RequestMappingHandlerAdapter.invokeHandlerMethod(RequestMappingHandlerAdapter.java:926) ~[spring-webmvc-6.1.15.jar:6.1.15]
	at org.springframework.web.servlet.mvc.method.annotation.RequestMappingHandlerAdapter.handleInternal(RequestMappingHandlerAdapter.java:831) ~[spring-webmvc-6.1.15.jar:6.1.15]
	at org.springframework.web.servlet.mvc.method.AbstractHandlerMethodAdapter.handle(AbstractHandlerMethodAdapter.java:87) ~[spring-webmvc-6.1.15.jar:6.1.15]
	at org.springframework.web.servlet.DispatcherServlet.doDispatch(DispatcherServlet.java:1089) ~[spring-webmvc-6.1.15.jar:6.1.15]
	at org.springframework.web.servlet.DispatcherServlet.doService(DispatcherServlet.java:979) ~[spring-webmvc-6.1.15.jar:6.1.15]
	at org.springframework.web.servlet.FrameworkServlet.processRequest(FrameworkServlet.java:1014) ~[spring-webmvc-6.1.15.jar:6.1.15]
	at org.springframework.web.servlet.FrameworkServlet.doGet(FrameworkServlet.java:903) ~[spring-webmvc-6.1.15.jar:6.1.15]
	at jakarta.servlet.http.HttpServlet.service(HttpServlet.java:564) ~[tomcat-embed-core-10.1.33.jar:6.0]
	at org.springframework.web.servlet.FrameworkServlet.service(FrameworkServlet.java:885) ~[spring-webmvc-6.1.15.jar:6.1.15]
	at jakarta.servlet.http.HttpServlet.service(HttpServlet.java:658) ~[tomcat-embed-core-10.1.33.jar:6.0]
	at org.apache.catalina.core.ApplicationFilterChain.internalDoFilter(ApplicationFilterChain.java:195) ~[tomcat-embed-core-10.1.33.jar:10.1.33]
	at org.apache.catalina.core.ApplicationFilterChain.doFilter(ApplicationFilterChain.java:140) ~[tomcat-embed-core-10.1.33.jar:10.1.33]
	at org.apache.tomcat.websocket.server.WsFilter.doFilter(WsFilter.java:51) ~[tomcat-embed-websocket-10.1.33.jar:10.1.33]
	at org.apache.catalina.core.ApplicationFilterChain.internalDoFilter(ApplicationFilterChain.java:164) ~[tomcat-embed-core-10.1.33.jar:10.1.33]
	at org.apache.catalina.core.ApplicationFilterChain.doFilter(ApplicationFilterChain.java:140) ~[tomcat-embed-core-10.1.33.jar:10.1.33]
	at org.springframework.web.filter.OncePerRequestFilter.doFilter(OncePerRequestFilter.java:110) ~[spring-web-6.1.15.jar:6.1.15]
	at org.apache.catalina.core.ApplicationFilterChain.internalDoFilter(ApplicationFilterChain.java:164) ~[tomcat-embed-core-10.1.33.jar:10.1.33]
	at org.apache.catalina.core.ApplicationFilterChain.doFilter(ApplicationFilterChain.java:140) ~[tomcat-embed-core-10.1.33.jar:10.1.33]
	at org.springframework.web.filter.CompositeFilter$VirtualFilterChain.doFilter(CompositeFilter.java:108) ~[spring-web-6.1.15.jar:6.1.15]
	at org.springframework.security.web.FilterChainProxy.lambda$doFilterInternal$3(FilterChainProxy.java:231) ~[spring-security-web-6.3.5.jar:6.3.5]
	at org.springframework.security.web.FilterChainProxy$VirtualFilterChain.doFilter(FilterChainProxy.java:365) ~[spring-security-web-6.3.5.jar:6.3.5]
	at org.springframework.security.web.access.intercept.AuthorizationFilter.doFilter(AuthorizationFilter.java:100) ~[spring-security-web-6.3.5.jar:6.3.5]
	at org.springframework.security.web.FilterChainProxy$VirtualFilterChain.doFilter(FilterChainProxy.java:374) ~[spring-security-web-6.3.5.jar:6.3.5]
	at org.springframework.security.web.access.ExceptionTranslationFilter.doFilter(ExceptionTranslationFilter.java:126) ~[spring-security-web-6.3.5.jar:6.3.5]
	at org.springframework.security.web.access.ExceptionTranslationFilter.doFilter(ExceptionTranslationFilter.java:120) ~[spring-security-web-6.3.5.jar:6.3.5]
	at org.springframework.security.web.FilterChainProxy$VirtualFilterChain.doFilter(FilterChainProxy.java:374) ~[spring-security-web-6.3.5.jar:6.3.5]
	at org.springframework.security.web.session.SessionManagementFilter.doFilter(SessionManagementFilter.java:131) ~[spring-security-web-6.3.5.jar:6.3.5]
	at org.springframework.security.web.session.SessionManagementFilter.doFilter(SessionManagementFilter.java:85) ~[spring-security-web-6.3.5.jar:6.3.5]
	at org.springframework.security.web.FilterChainProxy$VirtualFilterChain.doFilter(FilterChainProxy.java:374) ~[spring-security-web-6.3.5.jar:6.3.5]
	at org.springframework.security.web.authentication.AnonymousAuthenticationFilter.doFilter(AnonymousAuthenticationFilter.java:100) ~[spring-security-web-6.3.5.jar:6.3.5]
	at org.springframework.security.web.FilterChainProxy$VirtualFilterChain.doFilter(FilterChainProxy.java:374) ~[spring-security-web-6.3.5.jar:6.3.5]
	at org.springframework.security.web.servletapi.SecurityContextHolderAwareRequestFilter.doFilter(SecurityContextHolderAwareRequestFilter.java:179) ~[spring-security-web-6.3.5.jar:6.3.5]
	at org.springframework.security.web.FilterChainProxy$VirtualFilterChain.doFilter(FilterChainProxy.java:374) ~[spring-security-web-6.3.5.jar:6.3.5]
	at org.springframework.security.web.savedrequest.RequestCacheAwareFilter.doFilter(RequestCacheAwareFilter.java:63) ~[spring-security-web-6.3.5.jar:6.3.5]
	at org.springframework.security.web.FilterChainProxy$VirtualFilterChain.doFilter(FilterChainProxy.java:374) ~[spring-security-web-6.3.5.jar:6.3.5]
	at com.rentit.security.JwtAuthenticationFilter.doFilterInternal(JwtAuthenticationFilter.java:63) ~[classes/:na]
	at org.springframework.web.filter.OncePerRequestFilter.doFilter(OncePerRequestFilter.java:116) ~[spring-web-6.1.15.jar:6.1.15]
	at org.springframework.security.web.FilterChainProxy$VirtualFilterChain.doFilter(FilterChainProxy.java:374) ~[spring-security-web-6.3.5.jar:6.3.5]
	at org.springframework.security.web.authentication.logout.LogoutFilter.doFilter(LogoutFilter.java:107) ~[spring-security-web-6.3.5.jar:6.3.5]
	at org.springframework.security.web.authentication.logout.LogoutFilter.doFilter(LogoutFilter.java:93) ~[spring-security-web-6.3.5.jar:6.3.5]
	at org.springframework.security.web.FilterChainProxy$VirtualFilterChain.doFilter(FilterChainProxy.java:374) ~[spring-security-web-6.3.5.jar:6.3.5]
	at org.springframework.web.filter.CorsFilter.doFilterInternal(CorsFilter.java:91) ~[spring-web-6.1.15.jar:6.1.15]
	at org.springframework.web.filter.OncePerRequestFilter.doFilter(OncePerRequestFilter.java:116) ~[spring-web-6.1.15.jar:6.1.15]
	at org.springframework.security.web.FilterChainProxy$VirtualFilterChain.doFilter(FilterChainProxy.java:374) ~[spring-security-web-6.3.5.jar:6.3.5]
	at org.springframework.security.web.header.HeaderWriterFilter.doHeadersAfter(HeaderWriterFilter.java:90) ~[spring-security-web-6.3.5.jar:6.3.5]
	at org.springframework.security.web.header.HeaderWriterFilter.doFilterInternal(HeaderWriterFilter.java:75) ~[spring-security-web-6.3.5.jar:6.3.5]
	at org.springframework.web.filter.OncePerRequestFilter.doFilter(OncePerRequestFilter.java:116) ~[spring-web-6.1.15.jar:6.1.15]
	at org.springframework.security.web.FilterChainProxy$VirtualFilterChain.doFilter(FilterChainProxy.java:374) ~[spring-security-web-6.3.5.jar:6.3.5]
	at org.springframework.security.web.context.SecurityContextHolderFilter.doFilter(SecurityContextHolderFilter.java:82) ~[spring-security-web-6.3.5.jar:6.3.5]
	at org.springframework.security.web.context.SecurityContextHolderFilter.doFilter(SecurityContextHolderFilter.java:69) ~[spring-security-web-6.3.5.jar:6.3.5]
	at org.springframework.security.web.FilterChainProxy$VirtualFilterChain.doFilter(FilterChainProxy.java:374) ~[spring-security-web-6.3.5.jar:6.3.5]
	at org.springframework.security.web.context.request.async.WebAsyncManagerIntegrationFilter.doFilterInternal(WebAsyncManagerIntegrationFilter.java:62) ~[spring-security-web-6.3.5.jar:6.3.5]
	at org.springframework.web.filter.OncePerRequestFilter.doFilter(OncePerRequestFilter.java:116) ~[spring-web-6.1.15.jar:6.1.15]
	at org.springframework.security.web.FilterChainProxy$VirtualFilterChain.doFilter(FilterChainProxy.java:374) ~[spring-security-web-6.3.5.jar:6.3.5]
	at org.springframework.security.web.session.DisableEncodeUrlFilter.doFilterInternal(DisableEncodeUrlFilter.java:42) ~[spring-security-web-6.3.5.jar:6.3.5]
	at org.springframework.web.filter.OncePerRequestFilter.doFilter(OncePerRequestFilter.java:116) ~[spring-web-6.1.15.jar:6.1.15]
	at org.springframework.security.web.FilterChainProxy$VirtualFilterChain.doFilter(FilterChainProxy.java:374) ~[spring-security-web-6.3.5.jar:6.3.5]
	at org.springframework.security.web.FilterChainProxy.doFilterInternal(FilterChainProxy.java:233) ~[spring-security-web-6.3.5.jar:6.3.5]
	at org.springframework.security.web.FilterChainProxy.doFilter(FilterChainProxy.java:191) ~[spring-security-web-6.3.5.jar:6.3.5]
	at org.springframework.web.filter.CompositeFilter$VirtualFilterChain.doFilter(CompositeFilter.java:113) ~[spring-web-6.1.15.jar:6.1.15]
	at org.springframework.web.servlet.handler.HandlerMappingIntrospector.lambda$createCacheFilter$3(HandlerMappingIntrospector.java:195) ~[spring-webmvc-6.1.15.jar:6.1.15]
	at org.springframework.web.filter.CompositeFilter$VirtualFilterChain.doFilter(CompositeFilter.java:113) ~[spring-web-6.1.15.jar:6.1.15]
	at org.springframework.web.filter.CompositeFilter.doFilter(CompositeFilter.java:74) ~[spring-web-6.1.15.jar:6.1.15]
	at org.springframework.security.config.annotation.web.configuration.WebMvcSecurityConfiguration$CompositeFilterChainProxy.doFilter(WebMvcSecurityConfiguration.java:230) ~[spring-security-config-6.3.5.jar:6.3.5]
	at org.springframework.web.filter.DelegatingFilterProxy.invokeDelegate(DelegatingFilterProxy.java:362) ~[spring-web-6.1.15.jar:6.1.15]
	at org.springframework.web.filter.DelegatingFilterProxy.doFilter(DelegatingFilterProxy.java:278) ~[spring-web-6.1.15.jar:6.1.15]
	at org.apache.catalina.core.ApplicationFilterChain.internalDoFilter(ApplicationFilterChain.java:164) ~[tomcat-embed-core-10.1.33.jar:10.1.33]
	at org.apache.catalina.core.ApplicationFilterChain.doFilter(ApplicationFilterChain.java:140) ~[tomcat-embed-core-10.1.33.jar:10.1.33]
	at org.springframework.web.filter.RequestContextFilter.doFilterInternal(RequestContextFilter.java:100) ~[spring-web-6.1.15.jar:6.1.15]
	at org.springframework.web.filter.OncePerRequestFilter.doFilter(OncePerRequestFilter.java:116) ~[spring-web-6.1.15.jar:6.1.15]
	at org.apache.catalina.core.ApplicationFilterChain.internalDoFilter(ApplicationFilterChain.java:164) ~[tomcat-embed-core-10.1.33.jar:10.1.33]
	at org.apache.catalina.core.ApplicationFilterChain.doFilter(ApplicationFilterChain.java:140) ~[tomcat-embed-core-10.1.33.jar:10.1.33]
	at org.springframework.web.filter.FormContentFilter.doFilterInternal(FormContentFilter.java:93) ~[spring-web-6.1.15.jar:6.1.15]
	at org.springframework.web.filter.OncePerRequestFilter.doFilter(OncePerRequestFilter.java:116) ~[spring-web-6.1.15.jar:6.1.15]
	at org.apache.catalina.core.ApplicationFilterChain.internalDoFilter(ApplicationFilterChain.java:164) ~[tomcat-embed-core-10.1.33.jar:10.1.33]
	at org.apache.catalina.core.ApplicationFilterChain.doFilter(ApplicationFilterChain.java:140) ~[tomcat-embed-core-10.1.33.jar:10.1.33]
	at org.springframework.web.filter.CharacterEncodingFilter.doFilterInternal(CharacterEncodingFilter.java:201) ~[spring-web-6.1.15.jar:6.1.15]
	at org.springframework.web.filter.OncePerRequestFilter.doFilter(OncePerRequestFilter.java:116) ~[spring-web-6.1.15.jar:6.1.15]
	at org.apache.catalina.core.ApplicationFilterChain.internalDoFilter(ApplicationFilterChain.java:164) ~[tomcat-embed-core-10.1.33.jar:10.1.33]
	at org.apache.catalina.core.ApplicationFilterChain.doFilter(ApplicationFilterChain.java:140) ~[tomcat-embed-core-10.1.33.jar:10.1.33]
	at org.apache.catalina.core.StandardWrapperValve.invoke(StandardWrapperValve.java:167) ~[tomcat-embed-core-10.1.33.jar:10.1.33]
	at org.apache.catalina.core.StandardContextValve.invoke(StandardContextValve.java:90) ~[tomcat-embed-core-10.1.33.jar:10.1.33]
	at org.apache.catalina.authenticator.AuthenticatorBase.invoke(AuthenticatorBase.java:483) ~[tomcat-embed-core-10.1.33.jar:10.1.33]
	at org.apache.catalina.core.StandardHostValve.invoke(StandardHostValve.java:115) ~[tomcat-embed-core-10.1.33.jar:10.1.33]
	at org.apache.catalina.valves.ErrorReportValve.invoke(ErrorReportValve.java:93) ~[tomcat-embed-core-10.1.33.jar:10.1.33]
	at org.apache.catalina.core.StandardEngineValve.invoke(StandardEngineValve.java:74) ~[tomcat-embed-core-10.1.33.jar:10.1.33]
	at org.apache.catalina.connector.CoyoteAdapter.service(CoyoteAdapter.java:344) ~[tomcat-embed-core-10.1.33.jar:10.1.33]
	at org.apache.coyote.http11.Http11Processor.service(Http11Processor.java:397) ~[tomcat-embed-core-10.1.33.jar:10.1.33]
	at org.apache.coyote.AbstractProcessorLight.process(AbstractProcessorLight.java:63) ~[tomcat-embed-core-10.1.33.jar:10.1.33]
	at org.apache.coyote.AbstractProtocol$ConnectionHandler.process(AbstractProtocol.java:905) ~[tomcat-embed-core-10.1.33.jar:10.1.33]
	at org.apache.tomcat.util.net.NioEndpoint$SocketProcessor.doRun(NioEndpoint.java:1741) ~[tomcat-embed-core-10.1.33.jar:10.1.33]
	at org.apache.tomcat.util.net.SocketProcessorBase.run(SocketProcessorBase.java:52) ~[tomcat-embed-core-10.1.33.jar:10.1.33]
	at org.apache.tomcat.util.threads.ThreadPoolExecutor.runWorker(ThreadPoolExecutor.java:1190) ~[tomcat-embed-core-10.1.33.jar:10.1.33]
	at org.apache.tomcat.util.threads.ThreadPoolExecutor$Worker.run(ThreadPoolExecutor.java:659) ~[tomcat-embed-core-10.1.33.jar:10.1.33]
	at org.apache.tomcat.util.threads.TaskThread$WrappingRunnable.run(TaskThread.java:63) ~[tomcat-embed-core-10.1.33.jar:10.1.33]
	at java.base/java.lang.Thread.run(Thread.java:1575) ~[na:na]

^CTerminate batch job (Y/N)? 2026-04-05T01:21:09.516+05:30  INFO 26052 --- [rentit-platform] [ionShutdownHook] j.LocalContainerEntityManagerFactoryBean : Closing JPA EntityManagerFactory for persistence unit 'default'
2026-04-05T01:21:09.519+05:30  INFO 26052 --- [rentit-platform] [ionShutdownHook] com.zaxxer.hikari.HikariDataSource       : HikariPool-1 - Shutdown initiated...
2026-04-05T01:21:09.523+05:30  INFO 26052 --- [rentit-platform] [ionShutdownHook] com.zaxxer.hikari.HikariDataSource       : HikariPool-1 - Shutdown completed.
[INFO] ------------------------------------------------------------------------
[INFO] BUILD SUCCESS
[INFO] ------------------------------------------------------------------------
[INFO] Total time:  01:44 min
[INFO] Finished at: 2026-04-05T01:21:09+05:30
[INFO] ------------------------------------------------------------------------
