[INFO] Scanning for projects...
[INFO] 
[INFO] ---------------------< com.rentit:rentit-platform >---------------------
[INFO] Building RentIt Platform 1.0.0
[INFO]   from pom.xml
[INFO] --------------------------------[ jar ]---------------------------------
[INFO] 
[INFO] --- resources:3.3.1:resources (default-resources) @ rentit-platform ---
[INFO] Copying 2 resources from src\main\resources to target\classes
[INFO] Copying 0 resource from src\main\resources to target\classes
[INFO] 
[INFO] --- compiler:3.13.0:compile (default-compile) @ rentit-platform ---
[INFO] Recompiling the module because of changed source code.
[INFO] Compiling 53 source files with javac [debug parameters release 21] to target\classes
[INFO] /C:/Users/sunil/Downloads/gorentls/GORENTALS/src/main/java/com/rentit/util/JwtUtil.java: Some input files use or override a deprecated API.
[INFO] /C:/Users/sunil/Downloads/gorentls/GORENTALS/src/main/java/com/rentit/util/JwtUtil.java: Recompile with -Xlint:deprecation for details.
[INFO] ------------------------------------------------------------------------
[INFO] BUILD SUCCESS
[INFO] ------------------------------------------------------------------------
[INFO] Total time:  7.544 s
[INFO] Finished at: 2026-04-05T08:53:40+05:30
[INFO] ------------------------------------------------------------------------
