[INFO] Scanning for projects...
[INFO] 
[INFO] ---------------------< com.rentit:rentit-platform >---------------------
[INFO] Building RentIt Platform 1.0.0
[INFO]   from pom.xml
[INFO] --------------------------------[ jar ]---------------------------------
[INFO] 
[INFO] >>> spring-boot:3.3.6:run (default-cli) > test-compile @ rentit-platform >>>
[INFO] 
[INFO] --- resources:3.3.1:resources (default-resources) @ rentit-platform ---
[INFO] Copying 2 resources from src\main\resources to target\classes
[INFO] Copying 0 resource from src\main\resources to target\classes
[INFO] 
[INFO] --- compiler:3.13.0:compile (default-compile) @ rentit-platform ---
[INFO] Nothing to compile - all classes are up to date.
[INFO] 
[INFO] --- resources:3.3.1:testResources (default-testResources) @ rentit-platform ---
[INFO] skip non existing resourceDirectory C:\Users\sunil\Downloads\gorentls\GORENTALS\src\test\resources
[INFO] 
[INFO] --- compiler:3.13.0:testCompile (default-testCompile) @ rentit-platform ---
[INFO] Nothing to compile - all classes are up to date.
[INFO] 
[INFO] <<< spring-boot:3.3.6:run (default-cli) < test-compile @ rentit-platform <<<
[INFO] 
[INFO] 
[INFO] --- spring-boot:3.3.6:run (default-cli) @ rentit-platform ---
[INFO] Attaching agents: []

  .   ____          _            __ _ _
 /\\ / ___'_ __ _ _(_)_ __  __ _ \ \ \ \
( ( )\___ | '_ | '_| | '_ \/ _` | \ \ \ \
 \\/  ___)| |_)| | | | | || (_| |  ) ) ) )
  '  |____| .__|_| |_|_| |_\__, | / / / /
 =========|_|==============|___/=/_/_/_/

 :: Spring Boot ::                (v3.3.6)

2026-04-07T02:16:22.167+05:30  INFO 14320 --- [rentit-platform] [           main] com.rentit.GoRentals                     : Starting GoRentals using Java 23.0.2 with PID 14320 (C:\Users\sunil\Downloads\gorentls\GORENTALS\target\classes started by sunil in C:\Users\sunil\Downloads\gorentls\GORENTALS)
2026-04-07T02:16:22.169+05:30 DEBUG 14320 --- [rentit-platform] [           main] com.rentit.GoRentals                     : Running with Spring Boot v3.3.6, Spring v6.1.15
2026-04-07T02:16:22.170+05:30  INFO 14320 --- [rentit-platform] [           main] com.rentit.GoRentals                     : No active profile set, falling back to 1 default profile: "default"
2026-04-07T02:16:23.176+05:30  INFO 14320 --- [rentit-platform] [           main] .s.d.r.c.RepositoryConfigurationDelegate : Bootstrapping Spring Data JPA repositories in DEFAULT mode.
2026-04-07T02:16:23.298+05:30  INFO 14320 --- [rentit-platform] [           main] .s.d.r.c.RepositoryConfigurationDelegate : Finished Spring Data repository scanning in 115 ms. Found 8 JPA repository interfaces.
2026-04-07T02:16:24.015+05:30  INFO 14320 --- [rentit-platform] [           main] o.s.b.w.embedded.tomcat.TomcatWebServer  : Tomcat initialized with port 8080 (http)
2026-04-07T02:16:24.031+05:30  INFO 14320 --- [rentit-platform] [           main] o.apache.catalina.core.StandardService   : Starting service [Tomcat]
2026-04-07T02:16:24.031+05:30  INFO 14320 --- [rentit-platform] [           main] o.apache.catalina.core.StandardEngine    : Starting Servlet engine: [Apache Tomcat/10.1.33]
2026-04-07T02:16:24.129+05:30  INFO 14320 --- [rentit-platform] [           main] o.a.c.c.C.[Tomcat].[localhost].[/]       : Initializing Spring embedded WebApplicationContext
2026-04-07T02:16:24.130+05:30  INFO 14320 --- [rentit-platform] [           main] w.s.c.ServletWebServerApplicationContext : Root WebApplicationContext: initialization completed in 1867 ms
2026-04-07T02:16:24.257+05:30  INFO 14320 --- [rentit-platform] [           main] o.hibernate.jpa.internal.util.LogHelper  : HHH000204: Processing PersistenceUnitInfo [name: default]
2026-04-07T02:16:24.308+05:30  INFO 14320 --- [rentit-platform] [           main] org.hibernate.Version                    : HHH000412: Hibernate ORM core version 6.5.3.Final
2026-04-07T02:16:24.346+05:30  INFO 14320 --- [rentit-platform] [           main] o.h.c.internal.RegionFactoryInitiator    : HHH000026: Second-level cache disabled
2026-04-07T02:16:24.789+05:30  INFO 14320 --- [rentit-platform] [           main] o.s.o.j.p.SpringPersistenceUnitInfo      : No LoadTimeWeaver setup: ignoring JPA class transformer
2026-04-07T02:16:24.826+05:30  INFO 14320 --- [rentit-platform] [           main] com.zaxxer.hikari.HikariDataSource       : HikariPool-1 - Starting...
2026-04-07T02:16:25.087+05:30  INFO 14320 --- [rentit-platform] [           main] com.zaxxer.hikari.pool.HikariPool        : HikariPool-1 - Added connection org.postgresql.jdbc.PgConnection@1d637673
2026-04-07T02:16:25.088+05:30  INFO 14320 --- [rentit-platform] [           main] com.zaxxer.hikari.HikariDataSource       : HikariPool-1 - Start completed.
2026-04-07T02:16:25.129+05:30  WARN 14320 --- [rentit-platform] [           main] org.hibernate.orm.deprecation            : HHH90000025: PostgreSQLDialect does not need to be specified explicitly using 'hibernate.dialect' (remove the property setting and it will be selected by default)
2026-04-07T02:16:27.198+05:30  INFO 14320 --- [rentit-platform] [           main] o.h.e.t.j.p.i.JtaPlatformInitiator       : HHH000489: No JTA platform available (set 'hibernate.transaction.jta.platform' to enable JTA platform integration)
2026-04-07T02:16:27.201+05:30  INFO 14320 --- [rentit-platform] [           main] j.LocalContainerEntityManagerFactoryBean : Initialized JPA EntityManagerFactory for persistence unit 'default'
2026-04-07T02:16:27.534+05:30  INFO 14320 --- [rentit-platform] [           main] o.s.d.j.r.query.QueryEnhancerFactory     : Hibernate is in classpath; If applicable, HQL parser will be used.
2026-04-07T02:16:28.184+05:30 DEBUG 14320 --- [rentit-platform] [           main] c.r.security.JwtAuthenticationFilter     : Filter 'jwtAuthenticationFilter' configured for use
2026-04-07T02:16:29.183+05:30  INFO 14320 --- [rentit-platform] [           main] r$InitializeUserDetailsManagerConfigurer : Global AuthenticationManager configured with UserDetailsService bean with name userDetailsServiceImpl
2026-04-07T02:16:29.699+05:30  WARN 14320 --- [rentit-platform] [           main] JpaBaseConfiguration$JpaWebConfiguration : spring.jpa.open-in-view is enabled by default. Therefore, database queries may be performed during view rendering. Explicitly configure spring.jpa.open-in-view to disable this warning
2026-04-07T02:16:30.606+05:30  INFO 14320 --- [rentit-platform] [           main] o.s.b.w.embedded.tomcat.TomcatWebServer  : Tomcat started on port 8080 (http) with context path '/'
2026-04-07T02:16:30.616+05:30  INFO 14320 --- [rentit-platform] [           main] com.rentit.GoRentals                     : Started GoRentals in 9.141 seconds (process running for 9.746)
