[INFO] Scanning for projects...
[INFO] 
[INFO] ---------------------< com.rentit:rentit-platform >---------------------
[INFO] Building RentIt Platform 1.0.0
[INFO]   from pom.xml
[INFO] --------------------------------[ jar ]---------------------------------
[INFO] 
[INFO] >>> spring-boot:3.3.6:run (default-cli) > test-compile @ rentit-platform >>>
[INFO] 
[INFO] --- resources:3.3.1:resources (default-resources) @ rentit-platform ---
[INFO] Copying 2 resources from src\main\resources to target\classes
[INFO] Copying 0 resource from src\main\resources to target\classes
[INFO] 
[INFO] --- compiler:3.13.0:compile (default-compile) @ rentit-platform ---
[INFO] Nothing to compile - all classes are up to date.
[INFO] 
[INFO] --- resources:3.3.1:testResources (default-testResources) @ rentit-platform ---
[INFO] skip non existing resourceDirectory C:\Users\sunil\Downloads\gorentls\GORENTALS\src\test\resources
[INFO] 
[INFO] --- compiler:3.13.0:testCompile (default-testCompile) @ rentit-platform ---
[INFO] Nothing to compile - all classes are up to date.
[INFO] 
[INFO] <<< spring-boot:3.3.6:run (default-cli) < test-compile @ rentit-platform <<<
[INFO] 
[INFO] 
[INFO] --- spring-boot:3.3.6:run (default-cli) @ rentit-platform ---
[INFO] Attaching agents: []

  .   ____          _            __ _ _
 /\\ / ___'_ __ _ _(_)_ __  __ _ \ \ \ \
( ( )\___ | '_ | '_| | '_ \/ _` | \ \ \ \
 \\/  ___)| |_)| | | | | || (_| |  ) ) ) )
  '  |____| .__|_| |_|_| |_\__, | / / / /
 =========|_|==============|___/=/_/_/_/

 :: Spring Boot ::                (v3.3.6)

2026-04-06T23:54:32.686+05:30  INFO 14096 --- [rentit-platform] [           main] com.rentit.GoRentals                     : Starting GoRentals using Java 23.0.2 with PID 14096 (C:\Users\sunil\Downloads\gorentls\GORENTALS\target\classes started by sunil in C:\Users\sunil\Downloads\gorentls\GORENTALS)
2026-04-06T23:54:32.687+05:30 DEBUG 14096 --- [rentit-platform] [           main] com.rentit.GoRentals                     : Running with Spring Boot v3.3.6, Spring v6.1.15
2026-04-06T23:54:32.687+05:30  INFO 14096 --- [rentit-platform] [           main] com.rentit.GoRentals                     : No active profile set, falling back to 1 default profile: "default"
2026-04-06T23:54:33.358+05:30  INFO 14096 --- [rentit-platform] [           main] .s.d.r.c.RepositoryConfigurationDelegate : Bootstrapping Spring Data JPA repositories in DEFAULT mode.
2026-04-06T23:54:33.436+05:30  INFO 14096 --- [rentit-platform] [           main] .s.d.r.c.RepositoryConfigurationDelegate : Finished Spring Data repository scanning in 71 ms. Found 8 JPA repository interfaces.
2026-04-06T23:54:34.001+05:30  INFO 14096 --- [rentit-platform] [           main] o.s.b.w.embedded.tomcat.TomcatWebServer  : Tomcat initialized with port 8080 (http)
2026-04-06T23:54:34.017+05:30  INFO 14096 --- [rentit-platform] [           main] o.apache.catalina.core.StandardService   : Starting service [Tomcat]
2026-04-06T23:54:34.017+05:30  INFO 14096 --- [rentit-platform] [           main] o.apache.catalina.core.StandardEngine    : Starting Servlet engine: [Apache Tomcat/10.1.33]
2026-04-06T23:54:34.086+05:30  INFO 14096 --- [rentit-platform] [           main] o.a.c.c.C.[Tomcat].[localhost].[/]       : Initializing Spring embedded WebApplicationContext
2026-04-06T23:54:34.088+05:30  INFO 14096 --- [rentit-platform] [           main] w.s.c.ServletWebServerApplicationContext : Root WebApplicationContext: initialization completed in 1351 ms
2026-04-06T23:54:34.211+05:30  INFO 14096 --- [rentit-platform] [           main] o.hibernate.jpa.internal.util.LogHelper  : HHH000204: Processing PersistenceUnitInfo [name: default]
2026-04-06T23:54:34.254+05:30  INFO 14096 --- [rentit-platform] [           main] org.hibernate.Version                    : HHH000412: Hibernate ORM core version 6.5.3.Final
2026-04-06T23:54:34.288+05:30  INFO 14096 --- [rentit-platform] [           main] o.h.c.internal.RegionFactoryInitiator    : HHH000026: Second-level cache disabled
2026-04-06T23:54:34.537+05:30  INFO 14096 --- [rentit-platform] [           main] o.s.o.j.p.SpringPersistenceUnitInfo      : No LoadTimeWeaver setup: ignoring JPA class transformer
2026-04-06T23:54:34.565+05:30  INFO 14096 --- [rentit-platform] [           main] com.zaxxer.hikari.HikariDataSource       : HikariPool-1 - Starting...
2026-04-06T23:54:34.716+05:30  INFO 14096 --- [rentit-platform] [           main] com.zaxxer.hikari.pool.HikariPool        : HikariPool-1 - Added connection org.postgresql.jdbc.PgConnection@7dd3981e
2026-04-06T23:54:34.717+05:30  INFO 14096 --- [rentit-platform] [           main] com.zaxxer.hikari.HikariDataSource       : HikariPool-1 - Start completed.
2026-04-06T23:54:34.745+05:30  WARN 14096 --- [rentit-platform] [           main] org.hibernate.orm.deprecation            : HHH90000025: PostgreSQLDialect does not need to be specified explicitly using 'hibernate.dialect' (remove the property setting and it will be selected by default)
2026-04-06T23:54:35.811+05:30  INFO 14096 --- [rentit-platform] [           main] o.h.e.t.j.p.i.JtaPlatformInitiator       : HHH000489: No JTA platform available (set 'hibernate.transaction.jta.platform' to enable JTA platform integration)
2026-04-06T23:54:35.814+05:30  INFO 14096 --- [rentit-platform] [           main] j.LocalContainerEntityManagerFactoryBean : Initialized JPA EntityManagerFactory for persistence unit 'default'
2026-04-06T23:54:36.032+05:30  INFO 14096 --- [rentit-platform] [           main] o.s.d.j.r.query.QueryEnhancerFactory     : Hibernate is in classpath; If applicable, HQL parser will be used.
2026-04-06T23:54:36.399+05:30 DEBUG 14096 --- [rentit-platform] [           main] c.r.security.JwtAuthenticationFilter     : Filter 'jwtAuthenticationFilter' configured for use
2026-04-06T23:54:37.019+05:30  INFO 14096 --- [rentit-platform] [           main] r$InitializeUserDetailsManagerConfigurer : Global AuthenticationManager configured with UserDetailsService bean with name userDetailsServiceImpl
2026-04-06T23:54:37.213+05:30  WARN 14096 --- [rentit-platform] [           main] JpaBaseConfiguration$JpaWebConfiguration : spring.jpa.open-in-view is enabled by default. Therefore, database queries may be performed during view rendering. Explicitly configure spring.jpa.open-in-view to disable this warning
2026-04-06T23:54:37.612+05:30  WARN 14096 --- [rentit-platform] [           main] ConfigServletWebServerApplicationContext : Exception encountered during context initialization - cancelling refresh attempt: org.springframework.context.ApplicationContextException: Failed to start bean 'webServerStartStop'
2026-04-06T23:54:37.614+05:30  INFO 14096 --- [rentit-platform] [           main] j.LocalContainerEntityManagerFactoryBean : Closing JPA EntityManagerFactory for persistence unit 'default'
2026-04-06T23:54:37.615+05:30  INFO 14096 --- [rentit-platform] [           main] com.zaxxer.hikari.HikariDataSource       : HikariPool-1 - Shutdown initiated...
2026-04-06T23:54:37.619+05:30  INFO 14096 --- [rentit-platform] [           main] com.zaxxer.hikari.HikariDataSource       : HikariPool-1 - Shutdown completed.
2026-04-06T23:54:37.633+05:30  INFO 14096 --- [rentit-platform] [           main] .s.b.a.l.ConditionEvaluationReportLogger : 

Error starting ApplicationContext. To display the condition evaluation report re-run your application with 'debug' enabled.
2026-04-06T23:54:37.646+05:30 ERROR 14096 --- [rentit-platform] [           main] o.s.b.d.LoggingFailureAnalysisReporter   : 

***************************
APPLICATION FAILED TO START
***************************

Description:

Web server failed to start. Port 8080 was already in use.

Action:

Identify and stop the process that's listening on port 8080 or configure this application to listen on another port.

[INFO] ------------------------------------------------------------------------
[INFO] BUILD FAILURE
[INFO] ------------------------------------------------------------------------
[INFO] Total time:  7.911 s
[INFO] Finished at: 2026-04-06T23:54:37+05:30
[INFO] ------------------------------------------------------------------------
[ERROR] Failed to execute goal org.springframework.boot:spring-boot-maven-plugin:3.3.6:run (default-cli) on project rentit-platform: Process terminated with exit code: 1 -> [Help 1]
[ERROR] 
[ERROR] To see the full stack trace of the errors, re-run Maven with the -e switch.
[ERROR] Re-run Maven using the -X switch to enable full debug logging.
[ERROR] 
[ERROR] For more information about the errors and possible solutions, please read the following articles:
[ERROR] [Help 1] http://cwiki.apache.org/confluence/display/MAVEN/MojoExecutionException
